<?xml version="1.0" encoding="UTF-8"?>
<!-- Generated by org.testng.reporters.JUnitReportReporter -->
<testsuite hostname="Tapanas-Mac-mini.local" name="com.ngage.automationscript.registration.Registration" tests="1" failures="0" timestamp="18 Aug 2016 10:47:53 GMT" time="13.888" errors="0">
  <testcase name="RegistrationTest" time="13.888" classname="com.ngage.automationscript.registration.Registration"/>
</testsuite> <!-- com.ngage.automationscript.registration.Registration -->
