<?xml version="1.0" encoding="UTF-8"?>
<!-- Generated by org.testng.reporters.JUnitReportReporter -->
<testsuite hostname="Tapanas-Mac-mini.local" name="com.ngage.automationscript.onetoone.OneToOneConversation" tests="1" failures="0" timestamp="24 Aug 2016 14:17:14 GMT" time="493.252" errors="0">
  <testcase name="oneToOneConversationTest" time="493.252" classname="com.ngage.automationscript.onetoone.OneToOneConversation"/>
</testsuite> <!-- com.ngage.automationscript.onetoone.OneToOneConversation -->
