<?xml version="1.0" encoding="UTF-8"?>
<!-- Generated by org.testng.reporters.JUnitReportReporter -->
<testsuite hostname="Tapanas-Mac-mini.local" name="com.ngage.automationscript.registration.WellCome" tests="1" failures="0" timestamp="16 Aug 2016 06:45:10 GMT" time="0.022" errors="0">
  <testcase name="start" time="0.022" classname="com.ngage.automationscript.registration.WellCome"/>
</testsuite> <!-- com.ngage.automationscript.registration.WellCome -->
