<?xml version="1.0" encoding="UTF-8"?>
<!-- Generated by org.testng.reporters.JUnitReportReporter -->
<testsuite hostname="Tapanas-Mac-mini.local" name="com.ngage.automationscript.registration.Demo" tests="3" failures="0" timestamp="16 Aug 2016 13:16:41 GMT" time="0.009" errors="0">
  <testcase name="getTest2" time="0.002" classname="com.ngage.automationscript.registration.Demo"/>
  <testcase name="getTest1" time="0.005" classname="com.ngage.automationscript.registration.Demo"/>
  <testcase name="getTest3" time="0.002" classname="com.ngage.automationscript.registration.Demo"/>
</testsuite> <!-- com.ngage.automationscript.registration.Demo -->
