<?xml version="1.0" encoding="UTF-8"?>
<!-- Generated by org.testng.reporters.JUnitReportReporter -->
<testsuite hostname="Tapanas-Mac-mini.local" name="com.ngage.automationscript.registration.RegistrationVerifywindow" tests="1" failures="0" timestamp="19 Aug 2016 05:37:59 GMT" time="174.478" errors="0">
  <testcase name="registrationVerifyWindowTest" time="174.478" classname="com.ngage.automationscript.registration.RegistrationVerifywindow"/>
</testsuite> <!-- com.ngage.automationscript.registration.RegistrationVerifywindow -->
