<?xml version="1.0" encoding="UTF-8"?>
<!-- Generated by org.testng.reporters.JUnitReportReporter -->
<testsuite hostname="PHP-1-PC" name="com.snapdeal.automationscript.PriceMaster" tests="1" failures="0" timestamp="4 Jul 2016 13:25:54 GMT" time="0.010" errors="0">
  <testcase name="priceMasterTest" time="0.010" classname="com.snapdeal.automationscript.PriceMaster"/>
</testsuite> <!-- com.snapdeal.automationscript.PriceMaster -->
