<?xml version="1.0" encoding="UTF-8"?>
<!-- Generated by org.testng.reporters.JUnitReportReporter -->
<testsuite hostname="Tapanas-Mac-mini.local" name="com.ngage.automationscript.registration.NgageRegistration" tests="2" failures="0" timestamp="20 Aug 2016 11:41:42 GMT" time="103.292" errors="0">
  <testcase name="registerPageTest" time="67.094" classname="com.ngage.automationscript.registration.NgageRegistration"/>
  <testcase name="termOfServiceTest" time="36.198" classname="com.ngage.automationscript.registration.NgageRegistration"/>
</testsuite> <!-- com.ngage.automationscript.registration.NgageRegistration -->
